#
# A fatal error has been detected by the Java Runtime Environment:
#
#  EXCEPTION_ACCESS_VIOLATION (0xc0000005) at pc=0x00007ffbf251a572, pid=9008, tid=15576
#
# JRE version: OpenJDK Runtime Environment (13.0.1) (build 13.0.1+0)
# Java VM: OpenJDK 64-Bit Server VM (13.0.1+0, mixed mode, sharing, tiered, compressed oops, g1 gc, windows-amd64)
# Problematic frame:
# C  [ig9icd64.dll+0x2aa572]
#
# No core dump will be written. Minidumps are not enabled by default on client versions of Windows
#
# If you would like to submit a bug report, please visit:
#   http://bugreport.java.com/bugreport/crash.jsp
# The crash happened outside the Java Virtual Machine in native code.
# See problematic frame for where to report the bug.
#

---------------  S U M M A R Y ------------

Command Line: -agentlib:jdwp=transport=dt_socket,server=n,suspend=y,address=localhost:57225 -Dfile.encoding=UTF-8 org.tiland.TiMain

Host: Intel(R) Pentium(R) CPU 4415Y @ 1.60GHz, 4 cores, 7G,  Windows 10 , 64 bit Build 19041 (10.0.19041.1023)
Time: Tue Oct  5 22:23:38 2021 Central Daylight Time elapsed time: 3 seconds (0d 0h 0m 3s)

---------------  T H R E A D  ---------------

Current thread (0x000001f70ce5e800):  JavaThread "main" [_thread_in_native, id=15576, stack(0x0000000a60900000,0x0000000a60a00000)]

Stack: [0x0000000a60900000,0x0000000a60a00000],  sp=0x0000000a609fb400,  free space=1005k
Native frames: (J=compiled Java code, j=interpreted, Vv=VM code, C=native code)
C  [ig9icd64.dll+0x2aa572]

Java frames: (J=compiled Java code, j=interpreted, Vv=VM code)
j  org.lwjgl.opengl.GL20C.glLinkProgram(I)V+0
j  org.lwjgl.opengl.GL20.glLinkProgram(I)V+1
j  org.engine.renderer.Shader.link()V+4
j  org.tiland.Game.initializeTileShader()V+61
j  org.tiland.Game.initialize()V+1
j  org.tiland.TiMain.main([Ljava/lang/String;)V+112
v  ~StubRoutines::call_stub

siginfo: EXCEPTION_ACCESS_VIOLATION (0xc0000005), reading address 0x0000001000000004


Register to memory mapping:

RIP=0x00007ffbf251a572 ig9icd64.dll
RAX=0x000001f732fe6278 points into unknown readable memory: b8 bf d8 32 f7 01 00 00
RBX=0x0000001000000004 is an unknown value
RCX=0x000001f732fe6290 points into unknown readable memory: 70 ce d8 32 f7 01 00 00
RDX=0x0000000000000003 is an unknown value
RSP=0x0000000a609fb400 is pointing into the stack for thread: 0x000001f70ce5e800
RBP=0x0000000a609fb500 is pointing into the stack for thread: 0x000001f70ce5e800
RSI=0x0 is NULL
RDI=0x000001f73297d508 points into unknown readable memory: 70 ce d8 32 f7 01 00 00
R8 =0x0000000000000036 is an unknown value
R9 =0x000001f73297d4f0 points into unknown readable memory: 68 0d b0 32 f7 01 00 00
R10=0x0 is NULL
R11=0x0 is NULL
R12=0x0000000000000003 is an unknown value
R13=0x0000000000000003 is an unknown value
R14=0x000001f732d8bfb0 points into unknown readable memory: d0 18 dc f2 fb 7f 00 00
R15=0x0000000a609fb6d0 is pointing into the stack for thread: 0x000001f70ce5e800


Registers:
RAX=0x000001f732fe6278, RBX=0x0000001000000004, RCX=0x000001f732fe6290, RDX=0x0000000000000003
RSP=0x0000000a609fb400, RBP=0x0000000a609fb500, RSI=0x0000000000000000, RDI=0x000001f73297d508
R8 =0x0000000000000036, R9 =0x000001f73297d4f0, R10=0x0000000000000000, R11=0x0000000000000000
R12=0x0000000000000003, R13=0x0000000000000003, R14=0x000001f732d8bfb0, R15=0x0000000a609fb6d0
RIP=0x00007ffbf251a572, EFLAGS=0x0000000000010202

Top of Stack: (sp=0x0000000a609fb400)
0x0000000a609fb400:   000001f73297d408 0000000a609fb500
0x0000000a609fb410:   0000000000000000 0000000000000000
0x0000000a609fb420:   000001f7329cf400 0000000000000000
0x0000000a609fb430:   0000000100000001 00007ffb0000002b
0x0000000a609fb440:   0000000a609fb6d0 000001f732fbc500
0x0000000a609fb450:   000001f73297d508 0000810000000000
0x0000000a609fb460:   000001f700000000 0000000000000101
0x0000000a609fb470:   0000000000000000 0000000001000000
0x0000000a609fb480:   0000000003000000 ffff000000000000
0x0000000a609fb490:   ffffffff609fffff ffffffffffffffff
0x0000000a609fb4a0:   ffffffffffffffff ffff00ffffffffff
0x0000000a609fb4b0:   0000ffffffffffff 0000010300000000
0x0000000a609fb4c0:   0000000a609fb4d0 0000001000000004
0x0000000a609fb4d0:   000001f732b00368 000001f732b00e08
0x0000000a609fb4e0:   000001f732b00ae8 000001f732b00d68
0x0000000a609fb4f0:   000001f732fc3738 0000000a609fb580 

Instructions: (pc=0x00007ffbf251a572)
0x00007ffbf251a472:   49 8b cf e8 36 88 d6 ff 85 c0 0f 84 35 02 00 00
0x00007ffbf251a482:   0f ae e8 66 66 66 0f 1f 84 00 00 00 00 00 66 c7
0x00007ffbf251a492:   44 24 68 01 01 45 8b e5 41 8b d5 48 8d 4d c0 e8
0x00007ffbf251a4a2:   1a 9a ff ff 48 8b 18 ba 01 00 00 00 8d 4a 3f e8
0x00007ffbf251a4b2:   6a 84 17 00 48 8b f8 48 89 44 24 50 48 85 c0 74
0x00007ffbf251a4c2:   21 48 8b 13 48 89 74 24 28 c6 44 24 20 00 45 33
0x00007ffbf251a4d2:   c9 4c 8b c3 48 8b 52 18 48 8b c8 e8 9e 53 19 00
0x00007ffbf251a4e2:   eb 03 48 8b fe 49 8b 5e 20 49 8b 4e 18 48 85 c9
0x00007ffbf251a4f2:   74 28 48 83 c1 28 48 8b d7 e8 60 96 19 00 48 8d
0x00007ffbf251a502:   4f 18 48 85 ff 48 0f 44 ce 48 8b 03 48 89 59 08
0x00007ffbf251a512:   48 89 01 48 89 48 08 48 89 0b 48 8d 54 24 58 48
0x00007ffbf251a522:   8b cf e8 37 db 17 00 48 8b d7 49 8d 4e 10 e8 8b
0x00007ffbf251a532:   90 e8 ff 48 8d 4d 60 e8 72 87 d6 ff 49 8b d4 83
0x00007ffbf251a542:   f8 01 48 0f 44 d6 48 8d 4d 60 e8 6f 99 ff ff 48
0x00007ffbf251a552:   8b 18 8b 44 24 30 89 44 24 34 49 8b d4 48 8d 4d
0x00007ffbf251a562:   c0 e8 58 99 ff ff 48 8b 08 48 8b 01 48 8b 48 10
0x00007ffbf251a572:   48 8b 03 48 3b 01 0f 84 cf 00 00 00 49 3b 86 c0
0x00007ffbf251a582:   00 00 00 0f 84 b1 00 00 00 48 8b d6 8b 44 24 34
0x00007ffbf251a592:   ff c8 83 f8 06 0f 87 ad 00 00 00 48 98 4c 8d 05
0x00007ffbf251a5a2:   5a 5a d5 ff 41 8b 8c 80 30 a7 2a 00 49 03 c8 ff
0x00007ffbf251a5b2:   e1 66 c7 45 80 01 01 48 8d 44 24 70 48 89 44 24
0x00007ffbf251a5c2:   20 4d 8b 8e 90 00 00 00 4c 8b c3 ba 2c 00 00 00
0x00007ffbf251a5d2:   49 8d 4e 10 e8 d5 fe e9 ff eb 6a 66 c7 45 98 01
0x00007ffbf251a5e2:   01 48 8d 45 88 48 89 44 24 20 4d 8b 8e 98 00 00
0x00007ffbf251a5f2:   00 4c 8b c3 ba 2b 00 00 00 49 8d 4e 10 e8 ac fe
0x00007ffbf251a602:   e9 ff eb 41 48 8b d3 49 8b ce e8 1f 65 00 00 eb
0x00007ffbf251a612:   34 66 c7 45 b0 01 01 48 8d 45 a0 48 89 44 24 20
0x00007ffbf251a622:   4d 8b 8e b0 00 00 00 4c 8b c3 ba 24 00 00 00 49
0x00007ffbf251a632:   8d 4e 10 e8 76 fe e9 ff eb 0b 48 8b d3 49 8b ce
0x00007ffbf251a642:   e8 59 65 00 00 48 8b d0 48 8b da 48 89 5c 24 20
0x00007ffbf251a652:   4c 8b cf 44 8b 44 24 30 8b 54 24 38 49 8b ce e8
0x00007ffbf251a662:   ea bf ff ff 48 8b d8 48 85 c0 74 6e 49 8b d4 48 


Stack slot to memory mapping:
stack at sp + 0 slots: 0x000001f73297d408 points into unknown readable memory: 20 d5 97 32 f7 01 00 00
stack at sp + 1 slots: 0x0000000a609fb500 is pointing into the stack for thread: 0x000001f70ce5e800
stack at sp + 2 slots: 0x0 is NULL
stack at sp + 3 slots: 0x0 is NULL
stack at sp + 4 slots: 0x000001f7329cf400 points into unknown readable memory: 00 00 00 00 00 00 00 00
stack at sp + 5 slots: 0x0 is NULL
stack at sp + 6 slots: 0x0000000100000001 is an unknown value
stack at sp + 7 slots: 0x00007ffb0000002b is an unknown value


---------------  P R O C E S S  ---------------

Threads class SMR info:
_java_thread_list=0x000001f72cbe7a30, length=15, elements={
0x000001f70ce5e800, 0x000001f72b61c000, 0x000001f72b61e000, 0x000001f72b63a000,
0x000001f72b63c800, 0x000001f72b63e000, 0x000001f72b645800, 0x000001f72b646800,
0x000001f72c0f5800, 0x000001f72c0f6800, 0x000001f72c0f9800, 0x000001f72c106000,
0x000001f72c111000, 0x000001f732b49800, 0x000001f7327fe800
}

Java Threads: ( => current thread )
=>0x000001f70ce5e800 JavaThread "main" [_thread_in_native, id=15576, stack(0x0000000a60900000,0x0000000a60a00000)]
  0x000001f72b61c000 JavaThread "Reference Handler" daemon [_thread_blocked, id=6796, stack(0x0000000a61000000,0x0000000a61100000)]
  0x000001f72b61e000 JavaThread "Finalizer" daemon [_thread_blocked, id=12900, stack(0x0000000a61100000,0x0000000a61200000)]
  0x000001f72b63a000 JavaThread "Signal Dispatcher" daemon [_thread_blocked, id=1488, stack(0x0000000a61200000,0x0000000a61300000)]
  0x000001f72b63c800 JavaThread "Attach Listener" daemon [_thread_blocked, id=10432, stack(0x0000000a61300000,0x0000000a61400000)]
  0x000001f72b63e000 JavaThread "C2 CompilerThread0" daemon [_thread_blocked, id=4664, stack(0x0000000a61400000,0x0000000a61500000)]
  0x000001f72b645800 JavaThread "C1 CompilerThread0" daemon [_thread_blocked, id=7984, stack(0x0000000a61500000,0x0000000a61600000)]
  0x000001f72b646800 JavaThread "Sweeper thread" daemon [_thread_blocked, id=5824, stack(0x0000000a61600000,0x0000000a61700000)]
  0x000001f72c0f5800 JavaThread "JDWP Transport Listener: dt_socket" daemon [_thread_blocked, id=11228, stack(0x0000000a61700000,0x0000000a61800000)]
  0x000001f72c0f6800 JavaThread "JDWP Event Helper Thread" daemon [_thread_blocked, id=13376, stack(0x0000000a61800000,0x0000000a61900000)]
  0x000001f72c0f9800 JavaThread "JDWP Command Reader" daemon [_thread_in_native, id=6608, stack(0x0000000a61900000,0x0000000a61a00000)]
  0x000001f72c106000 JavaThread "Service Thread" daemon [_thread_blocked, id=16504, stack(0x0000000a61a00000,0x0000000a61b00000)]
  0x000001f72c111000 JavaThread "Common-Cleaner" daemon [_thread_blocked, id=13064, stack(0x0000000a61c00000,0x0000000a61d00000)]
  0x000001f732b49800 JavaThread "Java2D Disposer" daemon [_thread_blocked, id=16748, stack(0x0000000a62600000,0x0000000a62700000)]
  0x000001f7327fe800 JavaThread "AWT-Windows" daemon [_thread_in_native, id=13224, stack(0x0000000a62800000,0x0000000a62900000)]

Other Threads:
  0x000001f72b61b000 VMThread "VM Thread" [stack: 0x0000000a60f00000,0x0000000a61000000] [id=16444]
  0x000001f72c109000 WatcherThread [stack: 0x0000000a61b00000,0x0000000a61c00000] [id=9860]
  0x000001f70cea1000 GCTaskThread "GC Thread#0" [stack: 0x0000000a60a00000,0x0000000a60b00000] [id=3988]
  0x000001f7324d9800 GCTaskThread "GC Thread#1" [stack: 0x0000000a62400000,0x0000000a62500000] [id=6556]
  0x000001f7324d4000 GCTaskThread "GC Thread#2" [stack: 0x0000000a62500000,0x0000000a62600000] [id=13432]
  0x000001f70ceb2000 ConcurrentGCThread "G1 Main Marker" [stack: 0x0000000a60b00000,0x0000000a60c00000] [id=14672]
  0x000001f70ceb4800 ConcurrentGCThread "G1 Conc#0" [stack: 0x0000000a60c00000,0x0000000a60d00000] [id=16052]
  0x000001f72b493800 ConcurrentGCThread "G1 Refine#0" [stack: 0x0000000a60d00000,0x0000000a60e00000] [id=7504]
  0x000001f72b495800 ConcurrentGCThread "G1 Young RemSet Sampling" [stack: 0x0000000a60e00000,0x0000000a60f00000] [id=12548]

Threads with active compile tasks:

VM state:not at safepoint (normal execution)

VM Mutex/Monitor currently owned by a thread: None

Heap address: 0x0000000081c00000, size: 2020 MB, Compressed Oops mode: 32-bit
Narrow klass base: 0x0000000800000000, Narrow klass shift: 3
Compressed class space size: 1073741824 Address: 0x0000000800b50000

Heap:
 garbage-first heap   total 131072K, used 10339K [0x0000000081c00000, 0x0000000100000000)
  region size 1024K, 11 young (11264K), 2 survivors (2048K)
 Metaspace       used 10372K, capacity 10590K, committed 10880K, reserved 1058816K
  class space    used 755K, capacity 837K, committed 896K, reserved 1048576K
Heap Regions: E=young(eden), S=young(survivor), O=old, HS=humongous(starts), HC=humongous(continues), CS=collection set, F=free, A=archive, TAMS=top-at-mark-start (previous, next)
|   0|0x0000000081c00000, 0x0000000081c18c00, 0x0000000081d00000|  9%| O|  |TAMS 0x0000000081c00000, 0x0000000081c00000| Untracked 
|   1|0x0000000081d00000, 0x0000000081d00000, 0x0000000081e00000|  0%| F|  |TAMS 0x0000000081d00000, 0x0000000081d00000| Untracked 
|   2|0x0000000081e00000, 0x0000000081e00000, 0x0000000081f00000|  0%| F|  |TAMS 0x0000000081e00000, 0x0000000081e00000| Untracked 
|   3|0x0000000081f00000, 0x0000000081f00000, 0x0000000082000000|  0%| F|  |TAMS 0x0000000081f00000, 0x0000000081f00000| Untracked 
|   4|0x0000000082000000, 0x0000000082000000, 0x0000000082100000|  0%| F|  |TAMS 0x0000000082000000, 0x0000000082000000| Untracked 
|   5|0x0000000082100000, 0x0000000082100000, 0x0000000082200000|  0%| F|  |TAMS 0x0000000082100000, 0x0000000082100000| Untracked 
|   6|0x0000000082200000, 0x0000000082200000, 0x0000000082300000|  0%| F|  |TAMS 0x0000000082200000, 0x0000000082200000| Untracked 
|   7|0x0000000082300000, 0x0000000082300000, 0x0000000082400000|  0%| F|  |TAMS 0x0000000082300000, 0x0000000082300000| Untracked 
|   8|0x0000000082400000, 0x0000000082400000, 0x0000000082500000|  0%| F|  |TAMS 0x0000000082400000, 0x0000000082400000| Untracked 
|   9|0x0000000082500000, 0x0000000082500000, 0x0000000082600000|  0%| F|  |TAMS 0x0000000082500000, 0x0000000082500000| Untracked 
|  10|0x0000000082600000, 0x0000000082600000, 0x0000000082700000|  0%| F|  |TAMS 0x0000000082600000, 0x0000000082600000| Untracked 
|  11|0x0000000082700000, 0x0000000082700000, 0x0000000082800000|  0%| F|  |TAMS 0x0000000082700000, 0x0000000082700000| Untracked 
|  12|0x0000000082800000, 0x0000000082800000, 0x0000000082900000|  0%| F|  |TAMS 0x0000000082800000, 0x0000000082800000| Untracked 
|  13|0x0000000082900000, 0x0000000082900000, 0x0000000082a00000|  0%| F|  |TAMS 0x0000000082900000, 0x0000000082900000| Untracked 
|  14|0x0000000082a00000, 0x0000000082a00000, 0x0000000082b00000|  0%| F|  |TAMS 0x0000000082a00000, 0x0000000082a00000| Untracked 
|  15|0x0000000082b00000, 0x0000000082b00000, 0x0000000082c00000|  0%| F|  |TAMS 0x0000000082b00000, 0x0000000082b00000| Untracked 
|  16|0x0000000082c00000, 0x0000000082c00000, 0x0000000082d00000|  0%| F|  |TAMS 0x0000000082c00000, 0x0000000082c00000| Untracked 
|  17|0x0000000082d00000, 0x0000000082d00000, 0x0000000082e00000|  0%| F|  |TAMS 0x0000000082d00000, 0x0000000082d00000| Untracked 
|  18|0x0000000082e00000, 0x0000000082e00000, 0x0000000082f00000|  0%| F|  |TAMS 0x0000000082e00000, 0x0000000082e00000| Untracked 
|  19|0x0000000082f00000, 0x0000000082f00000, 0x0000000083000000|  0%| F|  |TAMS 0x0000000082f00000, 0x0000000082f00000| Untracked 
|  20|0x0000000083000000, 0x0000000083000000, 0x0000000083100000|  0%| F|  |TAMS 0x0000000083000000, 0x0000000083000000| Untracked 
|  21|0x0000000083100000, 0x0000000083100000, 0x0000000083200000|  0%| F|  |TAMS 0x0000000083100000, 0x0000000083100000| Untracked 
|  22|0x0000000083200000, 0x0000000083200000, 0x0000000083300000|  0%| F|  |TAMS 0x0000000083200000, 0x0000000083200000| Untracked 
|  23|0x0000000083300000, 0x0000000083300000, 0x0000000083400000|  0%| F|  |TAMS 0x0000000083300000, 0x0000000083300000| Untracked 
|  24|0x0000000083400000, 0x0000000083400000, 0x0000000083500000|  0%| F|  |TAMS 0x0000000083400000, 0x0000000083400000| Untracked 
|  25|0x0000000083500000, 0x0000000083500000, 0x0000000083600000|  0%| F|  |TAMS 0x0000000083500000, 0x0000000083500000| Untracked 
|  26|0x0000000083600000, 0x0000000083600000, 0x0000000083700000|  0%| F|  |TAMS 0x0000000083600000, 0x0000000083600000| Untracked 
|  27|0x0000000083700000, 0x0000000083700000, 0x0000000083800000|  0%| F|  |TAMS 0x0000000083700000, 0x0000000083700000| Untracked 
|  28|0x0000000083800000, 0x0000000083800000, 0x0000000083900000|  0%| F|  |TAMS 0x0000000083800000, 0x0000000083800000| Untracked 
|  29|0x0000000083900000, 0x0000000083900000, 0x0000000083a00000|  0%| F|  |TAMS 0x0000000083900000, 0x0000000083900000| Untracked 
|  30|0x0000000083a00000, 0x0000000083a00000, 0x0000000083b00000|  0%| F|  |TAMS 0x0000000083a00000, 0x0000000083a00000| Untracked 
|  31|0x0000000083b00000, 0x0000000083b00000, 0x0000000083c00000|  0%| F|  |TAMS 0x0000000083b00000, 0x0000000083b00000| Untracked 
|  32|0x0000000083c00000, 0x0000000083c00000, 0x0000000083d00000|  0%| F|  |TAMS 0x0000000083c00000, 0x0000000083c00000| Untracked 
|  33|0x0000000083d00000, 0x0000000083d00000, 0x0000000083e00000|  0%| F|  |TAMS 0x0000000083d00000, 0x0000000083d00000| Untracked 
|  34|0x0000000083e00000, 0x0000000083e00000, 0x0000000083f00000|  0%| F|  |TAMS 0x0000000083e00000, 0x0000000083e00000| Untracked 
|  35|0x0000000083f00000, 0x0000000083f00000, 0x0000000084000000|  0%| F|  |TAMS 0x0000000083f00000, 0x0000000083f00000| Untracked 
|  36|0x0000000084000000, 0x0000000084000000, 0x0000000084100000|  0%| F|  |TAMS 0x0000000084000000, 0x0000000084000000| Untracked 
|  37|0x0000000084100000, 0x0000000084100000, 0x0000000084200000|  0%| F|  |TAMS 0x0000000084100000, 0x0000000084100000| Untracked 
|  38|0x0000000084200000, 0x0000000084200000, 0x0000000084300000|  0%| F|  |TAMS 0x0000000084200000, 0x0000000084200000| Untracked 
|  39|0x0000000084300000, 0x0000000084300000, 0x0000000084400000|  0%| F|  |TAMS 0x0000000084300000, 0x0000000084300000| Untracked 
|  40|0x0000000084400000, 0x0000000084400000, 0x0000000084500000|  0%| F|  |TAMS 0x0000000084400000, 0x0000000084400000| Untracked 
|  41|0x0000000084500000, 0x0000000084500000, 0x0000000084600000|  0%| F|  |TAMS 0x0000000084500000, 0x0000000084500000| Untracked 
|  42|0x0000000084600000, 0x0000000084600000, 0x0000000084700000|  0%| F|  |TAMS 0x0000000084600000, 0x0000000084600000| Untracked 
|  43|0x0000000084700000, 0x0000000084700000, 0x0000000084800000|  0%| F|  |TAMS 0x0000000084700000, 0x0000000084700000| Untracked 
|  44|0x0000000084800000, 0x0000000084800000, 0x0000000084900000|  0%| F|  |TAMS 0x0000000084800000, 0x0000000084800000| Untracked 
|  45|0x0000000084900000, 0x0000000084900000, 0x0000000084a00000|  0%| F|  |TAMS 0x0000000084900000, 0x0000000084900000| Untracked 
|  46|0x0000000084a00000, 0x0000000084a00000, 0x0000000084b00000|  0%| F|  |TAMS 0x0000000084a00000, 0x0000000084a00000| Untracked 
|  47|0x0000000084b00000, 0x0000000084b00000, 0x0000000084c00000|  0%| F|  |TAMS 0x0000000084b00000, 0x0000000084b00000| Untracked 
|  48|0x0000000084c00000, 0x0000000084c00000, 0x0000000084d00000|  0%| F|  |TAMS 0x0000000084c00000, 0x0000000084c00000| Untracked 
|  49|0x0000000084d00000, 0x0000000084d00000, 0x0000000084e00000|  0%| F|  |TAMS 0x0000000084d00000, 0x0000000084d00000| Untracked 
|  50|0x0000000084e00000, 0x0000000084e00000, 0x0000000084f00000|  0%| F|  |TAMS 0x0000000084e00000, 0x0000000084e00000| Untracked 
|  51|0x0000000084f00000, 0x0000000084f00000, 0x0000000085000000|  0%| F|  |TAMS 0x0000000084f00000, 0x0000000084f00000| Untracked 
|  52|0x0000000085000000, 0x0000000085000000, 0x0000000085100000|  0%| F|  |TAMS 0x0000000085000000, 0x0000000085000000| Untracked 
|  53|0x0000000085100000, 0x0000000085100000, 0x0000000085200000|  0%| F|  |TAMS 0x0000000085100000, 0x0000000085100000| Untracked 
|  54|0x0000000085200000, 0x0000000085200000, 0x0000000085300000|  0%| F|  |TAMS 0x0000000085200000, 0x0000000085200000| Untracked 
|  55|0x0000000085300000, 0x0000000085300000, 0x0000000085400000|  0%| F|  |TAMS 0x0000000085300000, 0x0000000085300000| Untracked 
|  56|0x0000000085400000, 0x0000000085400000, 0x0000000085500000|  0%| F|  |TAMS 0x0000000085400000, 0x0000000085400000| Untracked 
|  57|0x0000000085500000, 0x0000000085500000, 0x0000000085600000|  0%| F|  |TAMS 0x0000000085500000, 0x0000000085500000| Untracked 
|  58|0x0000000085600000, 0x0000000085600000, 0x0000000085700000|  0%| F|  |TAMS 0x0000000085600000, 0x0000000085600000| Untracked 
|  59|0x0000000085700000, 0x0000000085700000, 0x0000000085800000|  0%| F|  |TAMS 0x0000000085700000, 0x0000000085700000| Untracked 
|  60|0x0000000085800000, 0x0000000085800000, 0x0000000085900000|  0%| F|  |TAMS 0x0000000085800000, 0x0000000085800000| Untracked 
|  61|0x0000000085900000, 0x0000000085900000, 0x0000000085a00000|  0%| F|  |TAMS 0x0000000085900000, 0x0000000085900000| Untracked 
|  62|0x0000000085a00000, 0x0000000085a00000, 0x0000000085b00000|  0%| F|  |TAMS 0x0000000085a00000, 0x0000000085a00000| Untracked 
|  63|0x0000000085b00000, 0x0000000085b00000, 0x0000000085c00000|  0%| F|  |TAMS 0x0000000085b00000, 0x0000000085b00000| Untracked 
|  64|0x0000000085c00000, 0x0000000085c00000, 0x0000000085d00000|  0%| F|  |TAMS 0x0000000085c00000, 0x0000000085c00000| Untracked 
|  65|0x0000000085d00000, 0x0000000085d00000, 0x0000000085e00000|  0%| F|  |TAMS 0x0000000085d00000, 0x0000000085d00000| Untracked 
|  66|0x0000000085e00000, 0x0000000085e00000, 0x0000000085f00000|  0%| F|  |TAMS 0x0000000085e00000, 0x0000000085e00000| Untracked 
|  67|0x0000000085f00000, 0x0000000085f00000, 0x0000000086000000|  0%| F|  |TAMS 0x0000000085f00000, 0x0000000085f00000| Untracked 
|  68|0x0000000086000000, 0x0000000086000000, 0x0000000086100000|  0%| F|  |TAMS 0x0000000086000000, 0x0000000086000000| Untracked 
|  69|0x0000000086100000, 0x0000000086100000, 0x0000000086200000|  0%| F|  |TAMS 0x0000000086100000, 0x0000000086100000| Untracked 
|  70|0x0000000086200000, 0x0000000086200000, 0x0000000086300000|  0%| F|  |TAMS 0x0000000086200000, 0x0000000086200000| Untracked 
|  71|0x0000000086300000, 0x0000000086300000, 0x0000000086400000|  0%| F|  |TAMS 0x0000000086300000, 0x0000000086300000| Untracked 
|  72|0x0000000086400000, 0x0000000086400000, 0x0000000086500000|  0%| F|  |TAMS 0x0000000086400000, 0x0000000086400000| Untracked 
|  73|0x0000000086500000, 0x0000000086500000, 0x0000000086600000|  0%| F|  |TAMS 0x0000000086500000, 0x0000000086500000| Untracked 
|  74|0x0000000086600000, 0x0000000086600000, 0x0000000086700000|  0%| F|  |TAMS 0x0000000086600000, 0x0000000086600000| Untracked 
|  75|0x0000000086700000, 0x0000000086700000, 0x0000000086800000|  0%| F|  |TAMS 0x0000000086700000, 0x0000000086700000| Untracked 
|  76|0x0000000086800000, 0x0000000086800000, 0x0000000086900000|  0%| F|  |TAMS 0x0000000086800000, 0x0000000086800000| Untracked 
|  77|0x0000000086900000, 0x0000000086900000, 0x0000000086a00000|  0%| F|  |TAMS 0x0000000086900000, 0x0000000086900000| Untracked 
|  78|0x0000000086a00000, 0x0000000086a00000, 0x0000000086b00000|  0%| F|  |TAMS 0x0000000086a00000, 0x0000000086a00000| Untracked 
|  79|0x0000000086b00000, 0x0000000086b00000, 0x0000000086c00000|  0%| F|  |TAMS 0x0000000086b00000, 0x0000000086b00000| Untracked 
|  80|0x0000000086c00000, 0x0000000086c00000, 0x0000000086d00000|  0%| F|  |TAMS 0x0000000086c00000, 0x0000000086c00000| Untracked 
|  81|0x0000000086d00000, 0x0000000086d00000, 0x0000000086e00000|  0%| F|  |TAMS 0x0000000086d00000, 0x0000000086d00000| Untracked 
|  82|0x0000000086e00000, 0x0000000086e00000, 0x0000000086f00000|  0%| F|  |TAMS 0x0000000086e00000, 0x0000000086e00000| Untracked 
|  83|0x0000000086f00000, 0x0000000086f00000, 0x0000000087000000|  0%| F|  |TAMS 0x0000000086f00000, 0x0000000086f00000| Untracked 
|  84|0x0000000087000000, 0x0000000087000000, 0x0000000087100000|  0%| F|  |TAMS 0x0000000087000000, 0x0000000087000000| Untracked 
|  85|0x0000000087100000, 0x0000000087100000, 0x0000000087200000|  0%| F|  |TAMS 0x0000000087100000, 0x0000000087100000| Untracked 
|  86|0x0000000087200000, 0x0000000087200000, 0x0000000087300000|  0%| F|  |TAMS 0x0000000087200000, 0x0000000087200000| Untracked 
|  87|0x0000000087300000, 0x0000000087300000, 0x0000000087400000|  0%| F|  |TAMS 0x0000000087300000, 0x0000000087300000| Untracked 
|  88|0x0000000087400000, 0x0000000087400000, 0x0000000087500000|  0%| F|  |TAMS 0x0000000087400000, 0x0000000087400000| Untracked 
|  89|0x0000000087500000, 0x0000000087500000, 0x0000000087600000|  0%| F|  |TAMS 0x0000000087500000, 0x0000000087500000| Untracked 
|  90|0x0000000087600000, 0x0000000087600000, 0x0000000087700000|  0%| F|  |TAMS 0x0000000087600000, 0x0000000087600000| Untracked 
|  91|0x0000000087700000, 0x0000000087700000, 0x0000000087800000|  0%| F|  |TAMS 0x0000000087700000, 0x0000000087700000| Untracked 
|  92|0x0000000087800000, 0x0000000087800000, 0x0000000087900000|  0%| F|  |TAMS 0x0000000087800000, 0x0000000087800000| Untracked 
|  93|0x0000000087900000, 0x0000000087900000, 0x0000000087a00000|  0%| F|  |TAMS 0x0000000087900000, 0x0000000087900000| Untracked 
|  94|0x0000000087a00000, 0x0000000087a00000, 0x0000000087b00000|  0%| F|  |TAMS 0x0000000087a00000, 0x0000000087a00000| Untracked 
|  95|0x0000000087b00000, 0x0000000087b00000, 0x0000000087c00000|  0%| F|  |TAMS 0x0000000087b00000, 0x0000000087b00000| Untracked 
|  96|0x0000000087c00000, 0x0000000087c00000, 0x0000000087d00000|  0%| F|  |TAMS 0x0000000087c00000, 0x0000000087c00000| Untracked 
|  97|0x0000000087d00000, 0x0000000087d00000, 0x0000000087e00000|  0%| F|  |TAMS 0x0000000087d00000, 0x0000000087d00000| Untracked 
|  98|0x0000000087e00000, 0x0000000087e00000, 0x0000000087f00000|  0%| F|  |TAMS 0x0000000087e00000, 0x0000000087e00000| Untracked 
|  99|0x0000000087f00000, 0x0000000087f00000, 0x0000000088000000|  0%| F|  |TAMS 0x0000000087f00000, 0x0000000087f00000| Untracked 
| 100|0x0000000088000000, 0x0000000088000000, 0x0000000088100000|  0%| F|  |TAMS 0x0000000088000000, 0x0000000088000000| Untracked 
| 101|0x0000000088100000, 0x0000000088100000, 0x0000000088200000|  0%| F|  |TAMS 0x0000000088100000, 0x0000000088100000| Untracked 
| 102|0x0000000088200000, 0x0000000088200000, 0x0000000088300000|  0%| F|  |TAMS 0x0000000088200000, 0x0000000088200000| Untracked 
| 103|0x0000000088300000, 0x0000000088300000, 0x0000000088400000|  0%| F|  |TAMS 0x0000000088300000, 0x0000000088300000| Untracked 
| 104|0x0000000088400000, 0x0000000088400000, 0x0000000088500000|  0%| F|  |TAMS 0x0000000088400000, 0x0000000088400000| Untracked 
| 105|0x0000000088500000, 0x0000000088500000, 0x0000000088600000|  0%| F|  |TAMS 0x0000000088500000, 0x0000000088500000| Untracked 
| 106|0x0000000088600000, 0x0000000088600000, 0x0000000088700000|  0%| F|  |TAMS 0x0000000088600000, 0x0000000088600000| Untracked 
| 107|0x0000000088700000, 0x0000000088700000, 0x0000000088800000|  0%| F|  |TAMS 0x0000000088700000, 0x0000000088700000| Untracked 
| 108|0x0000000088800000, 0x0000000088800000, 0x0000000088900000|  0%| F|  |TAMS 0x0000000088800000, 0x0000000088800000| Untracked 
| 109|0x0000000088900000, 0x0000000088900000, 0x0000000088a00000|  0%| F|  |TAMS 0x0000000088900000, 0x0000000088900000| Untracked 
| 110|0x0000000088a00000, 0x0000000088a00000, 0x0000000088b00000|  0%| F|  |TAMS 0x0000000088a00000, 0x0000000088a00000| Untracked 
| 111|0x0000000088b00000, 0x0000000088b00000, 0x0000000088c00000|  0%| F|  |TAMS 0x0000000088b00000, 0x0000000088b00000| Untracked 
| 112|0x0000000088c00000, 0x0000000088d00000, 0x0000000088d00000|100%| S|CS|TAMS 0x0000000088c00000, 0x0000000088c00000| Complete 
| 113|0x0000000088d00000, 0x0000000088e00000, 0x0000000088e00000|100%| S|CS|TAMS 0x0000000088d00000, 0x0000000088d00000| Complete 
| 114|0x0000000088e00000, 0x0000000088e00000, 0x0000000088f00000|  0%| F|  |TAMS 0x0000000088e00000, 0x0000000088e00000| Untracked 
| 115|0x0000000088f00000, 0x0000000088f00000, 0x0000000089000000|  0%| F|  |TAMS 0x0000000088f00000, 0x0000000088f00000| Untracked 
| 116|0x0000000089000000, 0x0000000089000000, 0x0000000089100000|  0%| F|  |TAMS 0x0000000089000000, 0x0000000089000000| Untracked 
| 117|0x0000000089100000, 0x0000000089100000, 0x0000000089200000|  0%| F|  |TAMS 0x0000000089100000, 0x0000000089100000| Untracked 
| 118|0x0000000089200000, 0x0000000089200000, 0x0000000089300000|  0%| F|  |TAMS 0x0000000089200000, 0x0000000089200000| Untracked 
| 119|0x0000000089300000, 0x0000000089400000, 0x0000000089400000|100%| E|  |TAMS 0x0000000089300000, 0x0000000089300000| Complete 
| 120|0x0000000089400000, 0x0000000089500000, 0x0000000089500000|100%| E|CS|TAMS 0x0000000089400000, 0x0000000089400000| Complete 
| 121|0x0000000089500000, 0x0000000089600000, 0x0000000089600000|100%| E|CS|TAMS 0x0000000089500000, 0x0000000089500000| Complete 
| 122|0x0000000089600000, 0x0000000089700000, 0x0000000089700000|100%| E|CS|TAMS 0x0000000089600000, 0x0000000089600000| Complete 
| 123|0x0000000089700000, 0x0000000089800000, 0x0000000089800000|100%| E|CS|TAMS 0x0000000089700000, 0x0000000089700000| Complete 
| 124|0x0000000089800000, 0x0000000089900000, 0x0000000089900000|100%| E|CS|TAMS 0x0000000089800000, 0x0000000089800000| Complete 
| 125|0x0000000089900000, 0x0000000089a00000, 0x0000000089a00000|100%| E|CS|TAMS 0x0000000089900000, 0x0000000089900000| Complete 
| 126|0x0000000089a00000, 0x0000000089b00000, 0x0000000089b00000|100%| E|CS|TAMS 0x0000000089a00000, 0x0000000089a00000| Complete 
| 127|0x0000000089b00000, 0x0000000089c00000, 0x0000000089c00000|100%| E|CS|TAMS 0x0000000089b00000, 0x0000000089b00000| Complete 

Card table byte_map: [0x000001f724a20000,0x000001f724e20000] _byte_map_base: 0x000001f724612000

Marking Bits (Prev, Next): (CMBitMap*) 0x000001f70cea19d8, (CMBitMap*) 0x000001f70cea1a18
 Prev Bits: [0x000001f725220000, 0x000001f7271b0000)
 Next Bits: [0x000001f7271b0000, 0x000001f729140000)

Polling page: 0x000001f70ae70000

Metaspace:

Usage:
  Non-class:      9.52 MB capacity,     9.39 MB ( 99%) used,   118.50 KB (  1%) free+waste,    18.00 KB ( <1%) overhead. 
      Class:    837.00 KB capacity,   755.79 KB ( 90%) used,    72.77 KB (  9%) free+waste,     8.44 KB (  1%) overhead. 
       Both:     10.34 MB capacity,    10.13 MB ( 98%) used,   191.27 KB (  2%) free+waste,    26.44 KB ( <1%) overhead. 

Virtual space:
  Non-class space:       10.00 MB reserved,       9.75 MB ( 98%) committed 
      Class space:        1.00 GB reserved,     896.00 KB ( <1%) committed 
             Both:        1.01 GB reserved,      10.63 MB (  1%) committed 

Chunk freelists:
   Non-Class:  39.00 KB
       Class:  27.00 KB
        Both:  66.00 KB

MaxMetaspaceSize: 17179869184.00 GB
CompressedClassSpaceSize: 1.00 GB

CodeHeap 'non-profiled nmethods': size=120064Kb used=400Kb max_used=400Kb free=119663Kb
 bounds [0x000001f71d0e0000, 0x000001f71d350000, 0x000001f724620000]
CodeHeap 'profiled nmethods': size=120000Kb used=2105Kb max_used=2105Kb free=117895Kb
 bounds [0x000001f715bb0000, 0x000001f715e20000, 0x000001f71d0e0000]
CodeHeap 'non-nmethods': size=5696Kb used=1801Kb max_used=1814Kb free=3894Kb
 bounds [0x000001f715620000, 0x000001f715890000, 0x000001f715bb0000]
 total_blobs=2780 nmethods=1116 adapters=1051
 compilation: enabled
              stopped_count=0, restarted_count=0
 full_count=0

Compilation events (20 events):
Event: 3.736 Thread 0x000001f72b645800 1107       3       java.util.concurrent.ConcurrentHashMap$Traverser::<init> (36 bytes)
Event: 3.737 Thread 0x000001f72b645800 nmethod 1107 0x000001f715db9f90 code [0x000001f715dba140, 0x000001f715dba3b8]
Event: 3.737 Thread 0x000001f72b645800 1108       3       java.util.concurrent.ConcurrentHashMap::values (25 bytes)
Event: 3.737 Thread 0x000001f72b645800 nmethod 1108 0x000001f715dba490 code [0x000001f715dba660, 0x000001f715dbaa78]
Event: 3.744 Thread 0x000001f7329bc800 1109       4       sun.misc.Unsafe::getLong (9 bytes)
Event: 3.745 Thread 0x000001f7329bc800 nmethod 1109 0x000001f71d13bc10 code [0x000001f71d13bda0, 0x000001f71d13be38]
Event: 3.746 Thread 0x000001f72b63e000 nmethod 1055% 0x000001f71d13bf10 code [0x000001f71d13c1e0, 0x000001f71d1404b0]
Event: 3.849 Thread 0x000001f72b63e000 1111       4       java.util.ArrayList::add (25 bytes)
Event: 3.854 Thread 0x000001f72b63e000 nmethod 1111 0x000001f71d142090 code [0x000001f71d142220, 0x000001f71d142508]
Event: 3.864 Thread 0x000001f72b645800 1112   !   3       java.lang.StringCoding::decode (300 bytes)
Event: 3.869 Thread 0x000001f72b645800 nmethod 1112 0x000001f715dbab90 code [0x000001f715dbb020, 0x000001f715dbd5f0]
Event: 3.909 Thread 0x000001f72b63e000 1113       4       java.lang.String::startsWith (7 bytes)
Event: 3.916 Thread 0x000001f72b63e000 nmethod 1113 0x000001f71d142690 code [0x000001f71d142820, 0x000001f71d142b18]
Event: 3.916 Thread 0x000001f72b63e000 1114       4       java.lang.Character::codePointAt (51 bytes)
Event: 3.922 Thread 0x000001f72b63e000 nmethod 1114 0x000001f71d142d10 code [0x000001f71d142ec0, 0x000001f71d1431c8]
Event: 3.922 Thread 0x000001f72b63e000 1115       4       java.lang.Character::isHighSurrogate (18 bytes)
Event: 3.922 Thread 0x000001f72b63e000 nmethod 1115 0x000001f71d143590 code [0x000001f71d143720, 0x000001f71d143778]
Event: 3.922 Thread 0x000001f72b63e000 1116       4       java.nio.CharBuffer::charAt (16 bytes)
Event: 3.925 Thread 0x000001f72b63e000 nmethod 1116 0x000001f71d143890 code [0x000001f71d143a20, 0x000001f71d143bd8]
Event: 3.925 Thread 0x000001f72b63e000 1117       4       java.nio.HeapCharBuffer::get (15 bytes)

GC Heap History (2 events):
Event: 2.255 GC heap before
{Heap before GC invocations=0 (full 0):
 garbage-first heap   total 131072K, used 14336K [0x0000000081c00000, 0x0000000100000000)
  region size 1024K, 14 young (14336K), 0 survivors (0K)
 Metaspace       used 4518K, capacity 7729K, committed 8064K, reserved 1056768K
  class space    used 235K, capacity 559K, committed 640K, reserved 1048576K
}
Event: 2.263 GC heap after
{Heap after GC invocations=1 (full 0):
 garbage-first heap   total 131072K, used 2147K [0x0000000081c00000, 0x0000000100000000)
  region size 1024K, 2 young (2048K), 2 survivors (2048K)
 Metaspace       used 4518K, capacity 7729K, committed 8064K, reserved 1056768K
  class space    used 235K, capacity 559K, committed 640K, reserved 1048576K
}

Deoptimization events (20 events):
Event: 3.504 Thread 0x000001f70ce5e800 DEOPT PACKING pc=0x000001f715d85c4a sp=0x0000000a609fe5f0
Event: 3.504 Thread 0x000001f70ce5e800 DEOPT UNPACKING pc=0x000001f71566993f sp=0x0000000a609fdaf8 mode 0
Event: 3.504 Thread 0x000001f70ce5e800 DEOPT PACKING pc=0x000001f715d8a2ed sp=0x0000000a609fe710
Event: 3.504 Thread 0x000001f70ce5e800 DEOPT UNPACKING pc=0x000001f71566993f sp=0x0000000a609fde38 mode 0
Event: 3.505 Thread 0x000001f70ce5e800 DEOPT PACKING pc=0x000001f715d8cf15 sp=0x0000000a609fe680
Event: 3.505 Thread 0x000001f70ce5e800 DEOPT UNPACKING pc=0x000001f71566993f sp=0x0000000a609fdaf8 mode 0
Event: 3.505 Thread 0x000001f70ce5e800 DEOPT PACKING pc=0x000001f715d8a2ed sp=0x0000000a609fe710
Event: 3.505 Thread 0x000001f70ce5e800 DEOPT UNPACKING pc=0x000001f71566993f sp=0x0000000a609fde38 mode 0
Event: 3.506 Thread 0x000001f70ce5e800 DEOPT PACKING pc=0x000001f715d8a2ed sp=0x0000000a609fe710
Event: 3.506 Thread 0x000001f70ce5e800 DEOPT UNPACKING pc=0x000001f71566993f sp=0x0000000a609fde38 mode 0
Event: 3.507 Thread 0x000001f70ce5e800 DEOPT PACKING pc=0x000001f715d8cf15 sp=0x0000000a609fe680
Event: 3.507 Thread 0x000001f70ce5e800 DEOPT UNPACKING pc=0x000001f71566993f sp=0x0000000a609fdaf8 mode 0
Event: 3.507 Thread 0x000001f70ce5e800 DEOPT PACKING pc=0x000001f715d8a2ed sp=0x0000000a609fe710
Event: 3.507 Thread 0x000001f70ce5e800 DEOPT UNPACKING pc=0x000001f71566993f sp=0x0000000a609fde38 mode 0
Event: 3.507 Thread 0x000001f70ce5e800 DEOPT PACKING pc=0x000001f715d8a2ed sp=0x0000000a609fe710
Event: 3.508 Thread 0x000001f70ce5e800 DEOPT UNPACKING pc=0x000001f71566993f sp=0x0000000a609fde38 mode 0
Event: 3.860 Thread 0x000001f70ce5e800 Uncommon trap: trap_request=0xffffff54 fr.pc=0x000001f71d13be10 relative=0x0000000000000070
Event: 3.860 Thread 0x000001f70ce5e800 Uncommon trap: reason=speculate_null_assert action=make_not_entrant pc=0x000001f71d13be10 method=sun.misc.Unsafe.getLong(Ljava/lang/Object;J)J @ 5 c2
Event: 3.860 Thread 0x000001f70ce5e800 DEOPT PACKING pc=0x000001f71d13be10 sp=0x0000000a609fe9f0
Event: 3.860 Thread 0x000001f70ce5e800 DEOPT UNPACKING pc=0x000001f715669429 sp=0x0000000a609fe988 mode 2

Classes unloaded (0 events):
No events

Classes redefined (0 events):
No events

Internal exceptions (20 events):
Event: 1.175 Thread 0x000001f70ce5e800 Exception <a 'sun/nio/fs/WindowsException'{0x00000000898a2878}> (0x00000000898a2878) 
thrown [c:/cygwin64/tmp/ojdkbuild/upstream/jdk/src/hotspot/share/prims/jni.cpp, line 598]
Event: 1.175 Thread 0x000001f70ce5e800 Exception <a 'sun/nio/fs/WindowsException'{0x00000000898a2dc8}> (0x00000000898a2dc8) 
thrown [c:/cygwin64/tmp/ojdkbuild/upstream/jdk/src/hotspot/share/prims/jni.cpp, line 598]
Event: 1.255 Thread 0x000001f70ce5e800 Exception <a 'sun/nio/fs/WindowsException'{0x00000000897f01f0}> (0x00000000897f01f0) 
thrown [c:/cygwin64/tmp/ojdkbuild/upstream/jdk/src/hotspot/share/prims/jni.cpp, line 598]
Event: 1.255 Thread 0x000001f70ce5e800 Exception <a 'sun/nio/fs/WindowsException'{0x00000000897f0550}> (0x00000000897f0550) 
thrown [c:/cygwin64/tmp/ojdkbuild/upstream/jdk/src/hotspot/share/prims/jni.cpp, line 598]
Event: 1.832 Thread 0x000001f70ce5e800 Exception <a 'sun/nio/fs/WindowsException'{0x00000000896e4e88}> (0x00000000896e4e88) 
thrown [c:/cygwin64/tmp/ojdkbuild/upstream/jdk/src/hotspot/share/prims/jni.cpp, line 598]
Event: 1.833 Thread 0x000001f70ce5e800 Exception <a 'sun/nio/fs/WindowsException'{0x00000000896e5228}> (0x00000000896e5228) 
thrown [c:/cygwin64/tmp/ojdkbuild/upstream/jdk/src/hotspot/share/prims/jni.cpp, line 598]
Event: 1.844 Thread 0x000001f70ce5e800 Exception <a 'sun/nio/fs/WindowsException'{0x000000008950a0c8}> (0x000000008950a0c8) 
thrown [c:/cygwin64/tmp/ojdkbuild/upstream/jdk/src/hotspot/share/prims/jni.cpp, line 598]
Event: 1.844 Thread 0x000001f70ce5e800 Exception <a 'sun/nio/fs/WindowsException'{0x000000008950a398}> (0x000000008950a398) 
thrown [c:/cygwin64/tmp/ojdkbuild/upstream/jdk/src/hotspot/share/prims/jni.cpp, line 598]
Event: 2.296 Thread 0x000001f70ce5e800 Exception <a 'java/lang/NoSuchMethodError'{0x0000000089b79ec8}: 'void java.lang.invoke.DirectMethodHandle$Holder.invokeStatic(java.lang.Object, long, int)'> (0x0000000089b79ec8) 
thrown [c:/cygwin64/tmp/ojdkbuild/upstream/jdk/src/hotspot/share/interpreter/linkResolver.cpp, line 767]
Event: 2.338 Thread 0x000001f70ce5e800 Exception <a 'java/lang/NoSuchMethodError'{0x0000000089ab4050}: 'int java.lang.invoke.DirectMethodHandle$Holder.invokeSpecialIFC(java.lang.Object, java.lang.Object, int)'> (0x0000000089ab4050) 
thrown [c:/cygwin64/tmp/ojdkbuild/upstream/jdk/src/hotspot/share/interpreter/linkResolver.cpp, line 767]
Event: 2.712 Thread 0x000001f70ce5e800 Exception <a 'java/lang/ClassNotFoundException'{0x00000000899aa3c8}: sun/awt/resources/spi/awtProvider> (0x00000000899aa3c8) 
thrown [c:/cygwin64/tmp/ojdkbuild/upstream/jdk/src/hotspot/share/classfile/systemDictionary.cpp, line 232]
Event: 2.765 Thread 0x000001f70ce5e800 Exception <a 'java/io/FileNotFoundException'{0x00000000899eece8}> (0x00000000899eece8) 
thrown [c:/cygwin64/tmp/ojdkbuild/upstream/jdk/src/hotspot/share/prims/jni.cpp, line 598]
Event: 2.784 Thread 0x000001f70ce5e800 Exception <a 'java/io/FileNotFoundException'{0x0000000089815718}> (0x0000000089815718) 
thrown [c:/cygwin64/tmp/ojdkbuild/upstream/jdk/src/hotspot/share/prims/jni.cpp, line 598]
Event: 2.975 Thread 0x000001f7327fe800 Exception <a 'java/lang/NoSuchMethodError'{0x0000000089704f08}: 'void java.lang.invoke.DirectMethodHandle$Holder.invokeSpecial(java.lang.Object, java.lang.Object)'> (0x0000000089704f08) 
thrown [c:/cygwin64/tmp/ojdkbuild/upstream/jdk/src/hotspot/share/interpreter/linkResolver.cpp, line 767]
Event: 3.112 Thread 0x000001f70ce5e800 Exception <a 'java/lang/NoSuchMethodError'{0x00000000897e2090}: 'java.lang.Object java.lang.invoke.DirectMethodHandle$Holder.invokeStaticInit(java.lang.Object, int, int, int, int)'> (0x00000000897e2090) 
thrown [c:/cygwin64/tmp/ojdkbuild/upstream/jdk/src/hotspot/share/interpreter/linkResolver.cpp, line 767]
Event: 3.454 Thread 0x000001f70ce5e800 Exception <a 'java/lang/NoSuchMethodError'{0x00000000897fc028}: 'java.lang.Object java.lang.invoke.DirectMethodHandle$Holder.invokeStaticInit(java.lang.Object, java.lang.Object, int, int, int, int)'> (0x00000000897fc028) 
thrown [c:/cygwin64/tmp/ojdkbuild/upstream/jdk/src/hotspot/share/interpreter/linkResolver.cpp, line 767]
Event: 3.540 Thread 0x000001f70ce5e800 Exception <a 'sun/nio/fs/WindowsException'{0x00000000896faaa0}> (0x00000000896faaa0) 
thrown [c:/cygwin64/tmp/ojdkbuild/upstream/jdk/src/hotspot/share/prims/jni.cpp, line 598]
Event: 3.541 Thread 0x000001f70ce5e800 Exception <a 'sun/nio/fs/WindowsException'{0x00000000896fae20}> (0x00000000896fae20) 
thrown [c:/cygwin64/tmp/ojdkbuild/upstream/jdk/src/hotspot/share/prims/jni.cpp, line 598]
Event: 3.730 Thread 0x000001f70ce5e800 Exception <a 'sun/nio/fs/WindowsException'{0x0000000089453948}> (0x0000000089453948) 
thrown [c:/cygwin64/tmp/ojdkbuild/upstream/jdk/src/hotspot/share/prims/jni.cpp, line 598]
Event: 3.730 Thread 0x000001f70ce5e800 Exception <a 'sun/nio/fs/WindowsException'{0x0000000089453cc8}> (0x0000000089453cc8) 
thrown [c:/cygwin64/tmp/ojdkbuild/upstream/jdk/src/hotspot/share/prims/jni.cpp, line 598]

Events (20 events):
Event: 3.858 loading class java/util/stream/Node$Builder
Event: 3.858 loading class java/util/stream/Node$Builder done
Event: 3.858 loading class java/util/stream/Node$Builder$OfInt done
Event: 3.858 loading class java/util/stream/Nodes$IntArrayNode
Event: 3.858 loading class java/util/stream/Nodes$IntArrayNode done
Event: 3.858 loading class java/util/stream/Nodes$IntFixedNodeBuilder done
Event: 3.858 loading class java/util/stream/ReferencePipeline$4$1
Event: 3.858 loading class java/util/stream/ReferencePipeline$4$1 done
Event: 3.860 loading class org/tiland/Indicators
Event: 3.860 loading class org/tiland/Indicators done
Event: 3.870 loading class org/engine/renderer/Viewport
Event: 3.870 loading class org/engine/renderer/Viewport done
Event: 3.871 loading class org/joml/Matrix4f
Event: 3.871 loading class org/joml/Matrix4f done
Event: 3.907 loading class org/tiland/MiniMap
Event: 3.907 loading class org/tiland/MiniMap done
Event: 3.909 loading class org/engine/sketch/SketchElement
Event: 3.909 loading class org/engine/sketch/SketchElement done
Event: 3.911 loading class org/engine/sketch/SketchElement$Flags
Event: 3.911 loading class org/engine/sketch/SketchElement$Flags done


Dynamic libraries:
0x00007ff69e090000 - 0x00007ff69e0f2000 	C:\Program Files\RedHat\java-13-openjdk-13.0.1-2\bin\java.exe
0x00007ffc3aed0000 - 0x00007ffc3b0c5000 	C:\WINDOWS\SYSTEM32\ntdll.dll
0x00007ffc3ab60000 - 0x00007ffc3ac1d000 	C:\WINDOWS\System32\KERNEL32.DLL
0x00007ffc38720000 - 0x00007ffc389e9000 	C:\WINDOWS\System32\KERNELBASE.dll
0x00007ffc35f10000 - 0x00007ffc35fa0000 	C:\WINDOWS\SYSTEM32\apphelp.dll
0x00007ffc38ce0000 - 0x00007ffc38de0000 	C:\WINDOWS\System32\ucrtbase.dll
0x00007ffc1e440000 - 0x00007ffc1e455000 	C:\Program Files\RedHat\java-13-openjdk-13.0.1-2\bin\VCRUNTIME140.dll
0x00007ffc1e970000 - 0x00007ffc1e988000 	C:\Program Files\RedHat\java-13-openjdk-13.0.1-2\bin\jli.dll
0x00007ffc3a540000 - 0x00007ffc3a6e0000 	C:\WINDOWS\System32\USER32.dll
0x00007ffc386f0000 - 0x00007ffc38712000 	C:\WINDOWS\System32\win32u.dll
0x00007ffc1c640000 - 0x00007ffc1c8da000 	C:\WINDOWS\WinSxS\amd64_microsoft.windows.common-controls_6595b64144ccf1df_6.0.19041.1110_none_60b5254171f9507e\COMCTL32.dll
0x00007ffc39b50000 - 0x00007ffc39b7a000 	C:\WINDOWS\System32\GDI32.dll
0x00007ffc3aa60000 - 0x00007ffc3aafe000 	C:\WINDOWS\System32\msvcrt.dll
0x00007ffc38b40000 - 0x00007ffc38c4b000 	C:\WINDOWS\System32\gdi32full.dll
0x00007ffc38aa0000 - 0x00007ffc38b3d000 	C:\WINDOWS\System32\msvcp_win.dll
0x00007ffc3a500000 - 0x00007ffc3a530000 	C:\WINDOWS\System32\IMM32.DLL
0x00007ffc09eb0000 - 0x00007ffc09f4b000 	C:\Program Files\RedHat\java-13-openjdk-13.0.1-2\bin\msvcp140.dll
0x00007ffbe6ed0000 - 0x00007ffbe7ac1000 	C:\Program Files\RedHat\java-13-openjdk-13.0.1-2\bin\server\jvm.dll
0x00007ffc39b80000 - 0x00007ffc39c2c000 	C:\WINDOWS\System32\ADVAPI32.dll
0x00007ffc39d70000 - 0x00007ffc39e0b000 	C:\WINDOWS\System32\sechost.dll
0x00007ffc3ac20000 - 0x00007ffc3ad4a000 	C:\WINDOWS\System32\RPCRT4.dll
0x00007ffc3a940000 - 0x00007ffc3a948000 	C:\WINDOWS\System32\PSAPI.DLL
0x00007ffc1f060000 - 0x00007ffc1f069000 	C:\WINDOWS\SYSTEM32\WSOCK32.dll
0x00007ffc39d00000 - 0x00007ffc39d6b000 	C:\WINDOWS\System32\WS2_32.dll
0x00007ffc1d860000 - 0x00007ffc1d887000 	C:\WINDOWS\SYSTEM32\WINMM.dll
0x00007ffc2fea0000 - 0x00007ffc2feaa000 	C:\WINDOWS\SYSTEM32\VERSION.dll
0x00007ffc36520000 - 0x00007ffc36532000 	C:\WINDOWS\SYSTEM32\kernel.appcore.dll
0x00007ffc312a0000 - 0x00007ffc312b0000 	C:\Program Files\RedHat\java-13-openjdk-13.0.1-2\bin\verify.dll
0x00007ffc32410000 - 0x00007ffc325f4000 	C:\WINDOWS\SYSTEM32\DBGHELP.DLL
0x00007ffc275a0000 - 0x00007ffc275cc000 	C:\WINDOWS\SYSTEM32\dbgcore.DLL
0x00007ffc38c50000 - 0x00007ffc38cd3000 	C:\WINDOWS\System32\bcryptPrimitives.dll
0x00007ffc1d1e0000 - 0x00007ffc1d206000 	C:\Program Files\RedHat\java-13-openjdk-13.0.1-2\bin\java.dll
0x00007ffc1ce40000 - 0x00007ffc1ce78000 	C:\Program Files\RedHat\java-13-openjdk-13.0.1-2\bin\jdwp.dll
0x00007ffc1cf50000 - 0x00007ffc1cf67000 	C:\Program Files\RedHat\java-13-openjdk-13.0.1-2\bin\zip.dll
0x00007ffc30fc0000 - 0x00007ffc30fca000 	C:\Program Files\RedHat\java-13-openjdk-13.0.1-2\bin\jimage.dll
0x00007ffc39410000 - 0x00007ffc39b4f000 	C:\WINDOWS\System32\SHELL32.dll
0x00007ffc36740000 - 0x00007ffc36ed1000 	C:\WINDOWS\SYSTEM32\windows.storage.dll
0x00007ffc39f40000 - 0x00007ffc3a295000 	C:\WINDOWS\System32\combase.dll
0x00007ffc38010000 - 0x00007ffc3803c000 	C:\WINDOWS\SYSTEM32\Wldp.dll
0x00007ffc3a830000 - 0x00007ffc3a8de000 	C:\WINDOWS\System32\SHCORE.dll
0x00007ffc3a6e0000 - 0x00007ffc3a735000 	C:\WINDOWS\System32\shlwapi.dll
0x00007ffc38550000 - 0x00007ffc3856f000 	C:\WINDOWS\SYSTEM32\profapi.dll
0x00007ffc2af50000 - 0x00007ffc2af5b000 	C:\Program Files\RedHat\java-13-openjdk-13.0.1-2\bin\dt_socket.dll
0x00007ffc37d70000 - 0x00007ffc37dda000 	C:\WINDOWS\system32\mswsock.dll
0x00007ffc37a40000 - 0x00007ffc37b0c000 	C:\WINDOWS\SYSTEM32\DNSAPI.dll
0x00007ffc37a00000 - 0x00007ffc37a3b000 	C:\WINDOWS\SYSTEM32\IPHLPAPI.DLL
0x00007ffc3a740000 - 0x00007ffc3a748000 	C:\WINDOWS\System32\NSI.dll
0x00007ffc2fe90000 - 0x00007ffc2fe9a000 	C:\Windows\System32\rasadhlp.dll
0x00007ffc28fb0000 - 0x00007ffc2902f000 	C:\WINDOWS\System32\fwpuclnt.dll
0x00007ffc38610000 - 0x00007ffc38637000 	C:\WINDOWS\System32\bcrypt.dll
0x00007ffc1cf30000 - 0x00007ffc1cf49000 	C:\Program Files\RedHat\java-13-openjdk-13.0.1-2\bin\net.dll
0x00007ffc32bc0000 - 0x00007ffc32cca000 	C:\WINDOWS\SYSTEM32\WINHTTP.dll
0x00007ffc1cf10000 - 0x00007ffc1cf23000 	C:\Program Files\RedHat\java-13-openjdk-13.0.1-2\bin\nio.dll
0x00007ffc1bfe0000 - 0x00007ffc1c044000 	C:\Users\mail\AppData\Local\Temp\lwjglmail\3.2.3-build-13\lwjgl.dll
0x00007ffc19260000 - 0x00007ffc192c2000 	C:\Users\mail\AppData\Local\Temp\lwjglmail\3.2.3-build-13\glfw.dll
0x00007ffc36060000 - 0x00007ffc360fe000 	C:\WINDOWS\system32\uxtheme.dll
0x00007ffc1a850000 - 0x00007ffc1a895000 	C:\WINDOWS\SYSTEM32\dinput8.dll
0x00007ffc197e0000 - 0x00007ffc197f1000 	C:\WINDOWS\SYSTEM32\xinput1_4.dll
0x00007ffc389f0000 - 0x00007ffc38a3e000 	C:\WINDOWS\System32\cfgmgr32.dll
0x00007ffc383c0000 - 0x00007ffc383ec000 	C:\WINDOWS\SYSTEM32\DEVOBJ.dll
0x00007ffc36230000 - 0x00007ffc3625f000 	C:\WINDOWS\SYSTEM32\dwmapi.dll
0x00007ffc1f3e0000 - 0x00007ffc1f532000 	C:\WINDOWS\SYSTEM32\inputhost.dll
0x00007ffc39c30000 - 0x00007ffc39cfd000 	C:\WINDOWS\System32\OLEAUT32.dll
0x00007ffc34350000 - 0x00007ffc34446000 	C:\WINDOWS\SYSTEM32\PROPSYS.dll
0x00007ffc35ca0000 - 0x00007ffc35d92000 	C:\WINDOWS\SYSTEM32\CoreMessaging.dll
0x00007ffc341f0000 - 0x00007ffc34344000 	C:\WINDOWS\SYSTEM32\wintypes.dll
0x00007ffc354c0000 - 0x00007ffc3581e000 	C:\WINDOWS\SYSTEM32\CoreUIComponents.dll
0x00007ffc37380000 - 0x00007ffc373b3000 	C:\WINDOWS\SYSTEM32\ntmarta.dll
0x00007ffc3ad70000 - 0x00007ffc3ae85000 	C:\WINDOWS\System32\MSCTF.dll
0x00007ffc36ee0000 - 0x00007ffc36eed000 	C:\WINDOWS\SYSTEM32\HID.DLL
0x00007ffc38fa0000 - 0x00007ffc39409000 	C:\WINDOWS\System32\SETUPAPI.DLL
0x00007ffc38a40000 - 0x00007ffc38aa0000 	C:\WINDOWS\System32\WINTRUST.dll
0x00007ffc38de0000 - 0x00007ffc38f3f000 	C:\WINDOWS\System32\CRYPT32.dll
0x00007ffc38200000 - 0x00007ffc38212000 	C:\WINDOWS\SYSTEM32\MSASN1.dll
0x00007ffc085e0000 - 0x00007ffc08705000 	C:\WINDOWS\SYSTEM32\opengl32.dll
0x00007ffc30210000 - 0x00007ffc3023c000 	C:\WINDOWS\SYSTEM32\GLU32.dll
0x00007ffc3a2a0000 - 0x00007ffc3a349000 	C:\WINDOWS\System32\clbcatq.dll
0x00007ffbf2270000 - 0x00007ffbf3235000 	C:\WINDOWS\System32\DriverStore\FileRepository\iigd_dch.inf_amd64_dc16e5f1dbf8051f\ig9icd64.dll
0x00007ffc39e10000 - 0x00007ffc39f3a000 	C:\WINDOWS\System32\ole32.dll
0x00007ffc36f40000 - 0x00007ffc37034000 	C:\WINDOWS\system32\dxgi.dll
0x00007ffc2ded0000 - 0x00007ffc2e10f000 	C:\WINDOWS\System32\DriverStore\FileRepository\iigd_dch.inf_amd64_dc16e5f1dbf8051f\igdgmm64.dll
0x00007ffc2b260000 - 0x00007ffc2dec2000 	C:\WINDOWS\System32\DriverStore\FileRepository\iigd_dch.inf_amd64_dc16e5f1dbf8051f\igc64.dll
0x00007ffc380d0000 - 0x00007ffc3811b000 	C:\WINDOWS\SYSTEM32\powrprof.dll
0x00007ffc380b0000 - 0x00007ffc380c2000 	C:\WINDOWS\SYSTEM32\UMPDC.dll
0x00007ffbf4680000 - 0x00007ffbf4a95000 	C:\WINDOWS\System32\DriverStore\FileRepository\iigd_dch.inf_amd64_dc16e5f1dbf8051f\igdml64.dll
0x00007ffc275e0000 - 0x00007ffc276d9000 	C:\WINDOWS\SYSTEM32\textinputframework.dll
0x00007ffc1ba60000 - 0x00007ffc1bac6000 	C:\WINDOWS\system32\Oleacc.dll
0x00007ffc196e0000 - 0x00007ffc19739000 	C:\Users\mail\AppData\Local\Temp\lwjglmail\3.2.3-build-13\lwjgl_opengl.dll
0x00007ffbf3d50000 - 0x00007ffbf3f3d000 	C:\Program Files\RedHat\java-13-openjdk-13.0.1-2\bin\awt.dll
0x00007ffc09bc0000 - 0x00007ffc09c6b000 	C:\Program Files\RedHat\java-13-openjdk-13.0.1-2\bin\freetype.dll
0x00007ffc09980000 - 0x00007ffc09a26000 	C:\Program Files\RedHat\java-13-openjdk-13.0.1-2\bin\fontmanager.dll
0x00007ffc37f50000 - 0x00007ffc37f68000 	C:\WINDOWS\SYSTEM32\CRYPTSP.dll
0x00007ffc376b0000 - 0x00007ffc376e4000 	C:\WINDOWS\system32\rsaenh.dll
0x00007ffc38510000 - 0x00007ffc3853e000 	C:\WINDOWS\SYSTEM32\USERENV.dll
0x00007ffc37f70000 - 0x00007ffc37f7c000 	C:\WINDOWS\SYSTEM32\CRYPTBASE.dll
0x00007ffc299b0000 - 0x00007ffc299c7000 	C:\WINDOWS\SYSTEM32\dhcpcsvc6.DLL
0x00007ffc2a5d0000 - 0x00007ffc2a5ed000 	C:\WINDOWS\SYSTEM32\dhcpcsvc.DLL
0x00007ffc115a0000 - 0x00007ffc11617000 	C:\Users\mail\AppData\Local\Temp\lwjglmail\3.2.3-build-13\lwjgl_stb.dll
0x00007ffbeff40000 - 0x00007ffbf05ff000 	C:\Users\mail\AppData\Local\Temp\lwjglmail\3.2.3-build-13\assimp.dll

dbghelp: loaded successfully - version: 4.0.5 - missing functions: none
symbol engine: initialized successfully - sym options: 0x614 - pdb path: .;C:\Program Files\RedHat\java-13-openjdk-13.0.1-2\bin;C:\WINDOWS\SYSTEM32;C:\WINDOWS\WinSxS\amd64_microsoft.windows.common-controls_6595b64144ccf1df_6.0.19041.1110_none_60b5254171f9507e;C:\Program Files\RedHat\java-13-openjdk-13.0.1-2\bin\server;C:\Users\mail\AppData\Local\Temp\lwjglmail\3.2.3-build-13;C:\WINDOWS\System32\DriverStore\FileRepository\iigd_dch.inf_amd64_dc16e5f1dbf8051f

VM Arguments:
jvm_args: -agentlib:jdwp=transport=dt_socket,server=n,suspend=y,address=localhost:57225 -Dfile.encoding=UTF-8 
java_command: org.tiland.TiMain
java_class_path (initial): C:\development\java\iland\target\classes;C:\Users\mail\.m2\repository\org\joml\joml\1.9.19\joml-1.9.19.jar;C:\Users\mail\.m2\repository\org\lwjgl\lwjgl-assimp\3.2.3\lwjgl-assimp-3.2.3.jar;C:\Users\mail\.m2\repository\org\lwjgl\lwjgl-assimp\3.2.3\lwjgl-assimp-3.2.3-natives-windows.jar;C:\Users\mail\.m2\repository\org\l33tlabs\twl\pngdecoder\1.0\pngdecoder-1.0.jar;C:\Users\mail\.m2\repository\org\lwjgl\lwjgl\3.2.3\lwjgl-3.2.3.jar;C:\Users\mail\.m2\repository\org\lwjgl\lwjgl-bgfx\3.2.3\lwjgl-bgfx-3.2.3.jar;C:\Users\mail\.m2\repository\org\lwjgl\lwjgl-glfw\3.2.3\lwjgl-glfw-3.2.3.jar;C:\Users\mail\.m2\repository\org\lwjgl\lwjgl-nanovg\3.2.3\lwjgl-nanovg-3.2.3.jar;C:\Users\mail\.m2\repository\org\lwjgl\lwjgl-nuklear\3.2.3\lwjgl-nuklear-3.2.3.jar;C:\Users\mail\.m2\repository\org\lwjgl\lwjgl-openal\3.2.3\lwjgl-openal-3.2.3.jar;C:\Users\mail\.m2\repository\org\lwjgl\lwjgl-opengl\3.2.3\lwjgl-opengl-3.2.3.jar;C:\Users\mail\.m2\repository\org\lwjgl\lwjgl-par\3.2.3\lwjgl-par-3.2.3.jar;C:\Users\mail\.m2\repository\org\lwjgl\lwjgl-stb\3.2.3\lwjgl-stb-3.2.3.jar;C:\Users\mail\.m2\repository\org\lwjgl\lwjgl-vulkan\3.2.3\lwjgl-vulkan-3.2.3.jar;C:\Users\mail\.m2\repository\org\lwjgl\lwjgl\3.2.3\lwjgl-3.2.3-natives-windows.jar;C:\Users\mail\.m2\repository\org\lwjgl\lwjgl-bgfx\3.2.3\lwjgl-bgfx-3.2.3-natives-windows.jar;C:\Users\mail\.m2\repository\org\lwjgl\lwjgl-glfw\3.2.3\lwjgl-glfw-3.2.3-natives-windows.jar;C:\Users\mail\.m2\repository\org\lwjgl\lwjgl-nanovg\3.2.3\lwjgl-nanovg-3.2.3-natives-windows.jar;C:\Users\mail\.m2\repository\org\lwjgl\lwjgl-nuklear\3.2.3\lwjgl-nuklear-3.2.3-natives-windows.jar;C:\Users\mail\.m2\repository\org\lwjgl\lwjgl-openal\3.2.3\lwjgl-openal-3.2.3-natives-windows.jar;C:\Users\mail\.m2\repository\org\lwjgl\lwjgl-opengl\3.2.3\lwjgl-opengl-3.2.3-natives-windows.jar;C:\Users\mail\.m2\repository\org\lwjgl\lwjgl-par\3.2.3\lwjgl-par-3.2.3-natives-windows.jar;C:\Users\mail\.m2\repository\org\lwjgl\lwjgl-stb\3.2.3\lwjgl-stb-3.2.3-natives
Launcher Type: SUN_STANDARD

[Global flags]
     intx CICompilerCount                          = 3                                         {product} {ergonomic}
     uint ConcGCThreads                            = 1                                         {product} {ergonomic}
     uint G1ConcRefinementThreads                  = 4                                         {product} {ergonomic}
   size_t G1HeapRegionSize                         = 1048576                                   {product} {ergonomic}
    uintx GCDrainStackTargetSize                   = 64                                        {product} {ergonomic}
   size_t InitialHeapSize                          = 134217728                                 {product} {ergonomic}
   size_t MarkStackSize                            = 4194304                                   {product} {ergonomic}
   size_t MaxHeapSize                              = 2118123520                                {product} {ergonomic}
   size_t MaxNewSize                               = 1270874112                                {product} {ergonomic}
   size_t MinHeapDeltaBytes                        = 1048576                                   {product} {ergonomic}
   size_t MinHeapSize                              = 8388608                                   {product} {ergonomic}
    uintx NonNMethodCodeHeapSize                   = 5830732                                {pd product} {ergonomic}
    uintx NonProfiledCodeHeapSize                  = 122913754                              {pd product} {ergonomic}
    uintx ProfiledCodeHeapSize                     = 122913754                              {pd product} {ergonomic}
    uintx ReservedCodeCacheSize                    = 251658240                              {pd product} {ergonomic}
     bool SegmentedCodeCache                       = true                                      {product} {ergonomic}
   size_t SoftMaxHeapSize                          = 2118123520                             {manageable} {ergonomic}
     bool UseCompressedClassPointers               = true                                 {lp64_product} {ergonomic}
     bool UseCompressedOops                        = true                                 {lp64_product} {ergonomic}
     bool UseG1GC                                  = true                                      {product} {ergonomic}
     bool UseLargePagesIndividualAllocation        = false                                  {pd product} {ergonomic}

Logging:
Log output configuration:
 #0: stdout all=warning uptime,level,tags
 #1: stderr all=off uptime,level,tags

Environment Variables:
JAVA_HOME=C:\Program Files\RedHat\java-13-openjdk-13.0.1-2\
PATH=C:\WINDOWS\system32;C:\WINDOWS;C:\WINDOWS\System32\Wbem;C:\WINDOWS\System32\WindowsPowerShell\v1.0\;C:\WINDOWS\System32\OpenSSH\;C:\Program Files\Git\cmd;C:\Program Files\RedHat\java-13-openjdk-13.0.1-2\bin;C:\Program Files\apache-maven-3.6.3\bin;C:\Program Files\Inkscape\bin;C:\Users\mail\AppData\Local\Microsoft\WindowsApps;C:\Users\mail\AppData\Local\Programs\Microsoft VS Code\bin;C:\Users\mail\AppData\Local\GitHubDesktop\bin;%USERPROFILE%\AppData\Local\Microsoft\WindowsApps;
USERNAME=mail
OS=Windows_NT
PROCESSOR_IDENTIFIER=Intel64 Family 6 Model 142 Stepping 9, GenuineIntel



---------------  S Y S T E M  ---------------

OS: Windows 10 , 64 bit Build 19041 (10.0.19041.1023)

CPU:total 4 (initial active 4) (2 cores per cpu, 2 threads per core) family 6 model 142 stepping 9, cmov, cx8, fxsr, mmx, sse, sse2, sse3, ssse3, sse4.1, sse4.2, popcnt, aes, clmul, erms, 3dnowpref, lzcnt, ht, tsc, tscinvbit

Memory: 4k page, system-wide physical 8076M (2890M free)
TotalPageFile size 12762M (AvailPageFile size 1541M)
current process WorkingSet (physical memory assigned to process): 140M, peak: 142M
current process commit charge ("private bytes"): 254M, peak: 255M

vm_info: OpenJDK 64-Bit Server VM (13.0.1+0) for windows-amd64 JRE (13.0.1+0), built on Nov  9 2019 11:54:36 by "" with unknown MS VC++:1916

END.
